objc[57995]: Class AXEmojiUtilities is implemented in both /Applications/Xcode.app/Contents/Developer/Platforms/iPhoneSimulator.platform/Developer/SDKs/iPhoneSimulator7.1.sdk/System/Library/PrivateFrameworks/AccessibilityUtilities.framework/AccessibilityUtilities and /Applications/Xcode.app/Contents/Developer/Platforms/iPhoneSimulator.platform/Developer/SDKs/iPhoneSimulator7.1.sdk/usr/lib/libAXSpeechManager.dylib. One of the two will be used. Which one is undefined.
2014-04-26 17:17:26.928 HelloCordova[57995:70b] Cannot find executable for CFBundle 0xa5c24e0 </Applications/Xcode.app/Contents/Developer/Platforms/iPhoneSimulator.platform/Developer/SDKs/iPhoneSimulator7.1.sdk/System/Library/AccessibilityBundles/GeoServices.axbundle> (not loaded)
2014-04-26 17:17:26.933 HelloCordova[57995:70b] Cannot find executable for CFBundle 0xa36e790 </Applications/Xcode.app/Contents/Developer/Platforms/iPhoneSimulator.platform/Developer/SDKs/iPhoneSimulator7.1.sdk/System/Library/AccessibilityBundles/CertUIFramework.axbundle> (not loaded)
2014-04-26 17:17:26.957 HelloCordova[57995:70b] Multi-tasking -> Device: YES, App: YES
2014-04-26 17:17:26.966 HelloCordova[57995:70b] Unlimited access to network resources
2014-04-26 17:17:26.992 HelloCordova[57995:70b] CDVPlugin class CDVStatusBar (pluginName: statusbar) does not exist.
2014-04-26 17:17:26.992 HelloCordova[57995:70b] [CDVTimer][statusbar] 0.454962ms
2014-04-26 17:17:26.993 HelloCordova[57995:70b] [CDVTimer][TotalPluginStartup] 0.892997ms
2014-04-26 17:17:27.090 HelloCordova[57995:70b] Resetting plugins due to page load.
2014-04-26 17:17:27.302 HelloCordova[57995:70b] Finished load of: file:///Users/katie/Library/Application%20Support/iPhone%20Simulator/7.1/Applications/F46BC55E-5A20-4808-AEDE-2EC4D9661173/HelloCordova.app/www/index.html#/tab/dash
Terminating in response to SpringBoard's termination.
objc[58334]: Class AXEmojiUtilities is implemented in both /Applications/Xcode.app/Contents/Developer/Platforms/iPhoneSimulator.platform/Developer/SDKs/iPhoneSimulator7.1.sdk/System/Library/PrivateFrameworks/AccessibilityUtilities.framework/AccessibilityUtilities and /Applications/Xcode.app/Contents/Developer/Platforms/iPhoneSimulator.platform/Developer/SDKs/iPhoneSimulator7.1.sdk/usr/lib/libAXSpeechManager.dylib. One of the two will be used. Which one is undefined.
2014-04-26 17:18:33.163 HelloCordova[58334:70b] Cannot find executable for CFBundle 0xa55b6a0 </Applications/Xcode.app/Contents/Developer/Platforms/iPhoneSimulator.platform/Developer/SDKs/iPhoneSimulator7.1.sdk/System/Library/AccessibilityBundles/GeoServices.axbundle> (not loaded)
2014-04-26 17:18:33.171 HelloCordova[58334:70b] Cannot find executable for CFBundle 0xa3598a0 </Applications/Xcode.app/Contents/Developer/Platforms/iPhoneSimulator.platform/Developer/SDKs/iPhoneSimulator7.1.sdk/System/Library/AccessibilityBundles/CertUIFramework.axbundle> (not loaded)
2014-04-26 17:18:33.209 HelloCordova[58334:70b] Multi-tasking -> Device: YES, App: YES
2014-04-26 17:18:33.222 HelloCordova[58334:70b] Unlimited access to network resources
2014-04-26 17:18:33.253 HelloCordova[58334:70b] CDVPlugin class CDVStatusBar (pluginName: statusbar) does not exist.
2014-04-26 17:18:33.259 HelloCordova[58334:70b] [CDVTimer][statusbar] 5.841017ms
2014-04-26 17:18:33.260 HelloCordova[58334:70b] [CDVTimer][TotalPluginStartup] 7.067978ms
2014-04-26 17:18:33.389 HelloCordova[58334:70b] Resetting plugins due to page load.
2014-04-26 17:18:33.748 HelloCordova[58334:70b] Finished load of: file:///Users/katie/Library/Application%20Support/iPhone%20Simulator/7.1/Applications/F46BC55E-5A20-4808-AEDE-2EC4D9661173/HelloCordova.app/www/index.html#/tab/dash
Terminating in response to SpringBoard's termination.
objc[58909]: Class AXEmojiUtilities is implemented in both /Applications/Xcode.app/Contents/Developer/Platforms/iPhoneSimulator.platform/Developer/SDKs/iPhoneSimulator7.1.sdk/System/Library/PrivateFrameworks/AccessibilityUtilities.framework/AccessibilityUtilities and /Applications/Xcode.app/Contents/Developer/Platforms/iPhoneSimulator.platform/Developer/SDKs/iPhoneSimulator7.1.sdk/usr/lib/libAXSpeechManager.dylib. One of the two will be used. Which one is undefined.
2014-04-26 17:20:27.990 HelloCordova[58909:70b] Cannot find executable for CFBundle 0xa225590 </Applications/Xcode.app/Contents/Developer/Platforms/iPhoneSimulator.platform/Developer/SDKs/iPhoneSimulator7.1.sdk/System/Library/AccessibilityBundles/CertUIFramework.axbundle> (not loaded)
2014-04-26 17:20:27.997 HelloCordova[58909:70b] Cannot find executable for CFBundle 0xa23ef30 </Applications/Xcode.app/Contents/Developer/Platforms/iPhoneSimulator.platform/Developer/SDKs/iPhoneSimulator7.1.sdk/System/Library/AccessibilityBundles/GeoServices.axbundle> (not loaded)
2014-04-26 17:20:28.029 HelloCordova[58909:70b] Multi-tasking -> Device: YES, App: YES
2014-04-26 17:20:28.038 HelloCordova[58909:70b] Unlimited access to network resources
2014-04-26 17:20:28.060 HelloCordova[58909:70b] CDVPlugin class CDVStatusBar (pluginName: statusbar) does not exist.
2014-04-26 17:20:28.061 HelloCordova[58909:70b] [CDVTimer][statusbar] 0.577033ms
2014-04-26 17:20:28.061 HelloCordova[58909:70b] [CDVTimer][TotalPluginStartup] 1.035035ms
2014-04-26 17:20:28.179 HelloCordova[58909:70b] Resetting plugins due to page load.
2014-04-26 17:20:28.455 HelloCordova[58909:70b] Finished load of: file:///Users/katie/Library/Application%20Support/iPhone%20Simulator/7.1/Applications/F46BC55E-5A20-4808-AEDE-2EC4D9661173/HelloCordova.app/www/index.html#/tab/dash
